2025-06-09 01:03:51 INFO  Server - Server is starting successfully
2025-06-09 01:36:48 INFO  Server - Server is starting successfully
2025-06-09 01:38:07 INFO  Server - Server is starting successfully
2025-06-09 01:40:11 INFO  Server - Server is starting successfully
2025-06-09 01:50:38 INFO  Server - Acceptable key detected. Accepting connection...
2025-06-09 01:50:38 INFO  Server - Connected to: /127.0.0.1:55452
2025-06-09 01:50:38 INFO  Server - Client disconnected
2025-06-09 01:50:38 WARN  Server - Tried to read from closed channel
2025-06-09 01:50:38 WARN  Server - Tried to read from closed channel
2025-06-09 01:50:38 WARN  Server - Tried to read from closed channel
2025-06-09 01:50:38 WARN  Server - Tried to read from closed channel
2025-06-09 01:50:38 WARN  Server - Tried to read from closed channel
2025-06-09 01:50:38 WARN  Server - Tried to read from closed channel
2025-06-09 01:50:38 WARN  Server - Tried to read from closed channel
2025-06-09 01:50:38 WARN  Server - Tried to read from closed channel
2025-06-09 01:50:38 WARN  Server - Tried to read from closed channel
2025-06-09 01:50:38 WARN  Server - Tried to read from closed channel
2025-06-09 01:50:38 WARN  Server - Tried to read from closed channel
2025-06-09 01:50:38 WARN  Server - Tried to read from closed channel
2025-06-09 01:50:38 WARN  Server - Tried to read from closed channel
2025-06-09 01:50:38 WARN  Server - Tried to read from closed channel
2025-06-09 01:50:38 WARN  Server - Tried to read from closed channel
2025-06-09 01:50:38 WARN  Server - Tried to read from closed channel
2025-06-09 01:50:38 WARN  Server - Tried to read from closed channel
2025-06-09 01:50:38 WARN  Server - Tried to read from closed channel
2025-06-09 01:50:38 WARN  Server - Tried to read from closed channel
2025-06-09 01:50:38 WARN  Server - Tried to read from closed channel
2025-06-09 01:50:38 WARN  Server - Tried to read from closed channel
2025-06-09 01:50:38 WARN  Server - Tried to read from closed channel
2025-06-09 01:50:38 WARN  Server - Tried to read from closed channel
2025-06-09 01:50:38 WARN  Server - Tried to read from closed channel
2025-06-09 01:50:38 WARN  Server - Tried to read from closed channel
2025-06-09 01:50:38 WARN  Server - Tried to read from closed channel
2025-06-09 01:50:38 WARN  Server - Tried to read from closed channel
2025-06-09 01:50:38 WARN  Server - Tried to read from closed channel
2025-06-09 01:50:38 WARN  Server - Tried to read from closed channel
2025-06-09 01:50:38 WARN  Server - Tried to read from closed channel
2025-06-09 01:50:38 WARN  Server - Tried to read from closed channel
2025-06-09 01:50:38 WARN  Server - Tried to read from closed channel
2025-06-09 01:50:38 WARN  Server - Tried to read from closed channel
2025-06-09 01:50:38 WARN  Server - Tried to read from closed channel
2025-06-09 01:50:38 WARN  Server - Tried to read from closed channel
2025-06-09 01:50:38 WARN  Server - Tried to read from closed channel
2025-06-09 01:50:38 WARN  Server - Tried to read from closed channel
2025-06-09 01:50:38 WARN  Server - Tried to read from closed channel
2025-06-09 01:50:38 WARN  Server - Tried to read from closed channel
2025-06-09 01:50:38 WARN  Server - Tried to read from closed channel
2025-06-09 01:50:38 WARN  Server - Tried to read from closed channel
2025-06-09 01:50:38 WARN  Server - Tried to read from closed channel
2025-06-09 01:50:38 WARN  Server - Tried to read from closed channel
2025-06-09 01:50:38 WARN  Server - Tried to read from closed channel
2025-06-09 01:50:38 WARN  Server - Tried to read from closed channel
2025-06-09 01:50:38 WARN  Server - Tried to read from closed channel
2025-06-09 01:50:38 WARN  Server - Tried to read from closed channel
2025-06-09 01:50:38 WARN  Server - Tried to read from closed channel
2025-06-09 01:50:38 WARN  Server - Tried to read from closed channel
2025-06-09 01:50:38 WARN  Server - Tried to read from closed channel
2025-06-09 01:50:38 WARN  Server - Tried to read from closed channel
2025-06-09 01:50:38 WARN  Server - Tried to read from closed channel
2025-06-09 01:50:38 WARN  Server - Tried to read from closed channel
2025-06-09 01:50:38 WARN  Server - Tried to read from closed channel
2025-06-09 01:50:38 WARN  Server - Tried to read from closed channel
2025-06-09 01:50:38 WARN  Server - Tried to read from closed channel
2025-06-09 01:50:38 WARN  Server - Tried to read from closed channel
2025-06-09 01:50:38 WARN  Server - Tried to read from closed channel
2025-06-09 01:50:38 WARN  Server - Tried to read from closed channel
2025-06-09 01:50:38 WARN  Server - Tried to read from closed channel
2025-06-09 01:50:38 WARN  Server - Tried to read from closed channel
2025-06-09 01:50:38 WARN  Server - Tried to read from closed channel
2025-06-09 01:50:38 WARN  Server - Tried to read from closed channel
2025-06-09 01:50:38 WARN  Server - Tried to read from closed channel
2025-06-09 01:50:38 WARN  Server - Tried to read from closed channel
2025-06-09 01:50:38 WARN  Server - Tried to read from closed channel
2025-06-09 01:50:38 WARN  Server - Tried to read from closed channel
2025-06-09 01:50:38 WARN  Server - Tried to read from closed channel
2025-06-09 01:50:38 WARN  Server - Tried to read from closed channel
2025-06-09 01:50:38 WARN  Server - Tried to read from closed channel
2025-06-09 01:50:38 WARN  Server - Tried to read from closed channel
2025-06-09 01:50:38 WARN  Server - Tried to read from closed channel
2025-06-09 01:50:38 WARN  Server - Tried to read from closed channel
2025-06-09 01:50:38 WARN  Server - Tried to read from closed channel
2025-06-09 01:50:38 WARN  Server - Tried to read from closed channel
2025-06-09 01:50:38 WARN  Server - Tried to read from closed channel
2025-06-09 01:50:38 WARN  Server - Tried to read from closed channel
2025-06-09 01:50:38 WARN  Server - Tried to read from closed channel
2025-06-09 01:50:38 WARN  Server - Tried to read from closed channel
2025-06-09 01:50:38 WARN  Server - Tried to read from closed channel
2025-06-09 01:50:38 WARN  Server - Tried to read from closed channel
2025-06-09 01:50:38 WARN  Server - Tried to read from closed channel
2025-06-09 01:50:38 WARN  Server - Tried to read from closed channel
2025-06-09 01:50:38 WARN  Server - Tried to read from closed channel
2025-06-09 01:50:38 WARN  Server - Tried to read from closed channel
2025-06-09 01:50:38 WARN  Server - Tried to read from closed channel
2025-06-09 01:50:38 WARN  Server - Tried to read from closed channel
2025-06-09 01:50:38 WARN  Server - Tried to read from closed channel
2025-06-09 01:50:38 WARN  Server - Tried to read from closed channel
2025-06-09 01:50:38 WARN  Server - Tried to read from closed channel
2025-06-09 01:50:38 WARN  Server - Tried to read from closed channel
2025-06-09 01:50:38 WARN  Server - Tried to read from closed channel
2025-06-09 01:50:38 WARN  Server - Invalid key encountered: channel=java.nio.channels.SocketChannel[closed], selector=sun.nio.ch.WEPollSelectorImpl@5d908d47, invalid
2025-06-09 01:50:38 WARN  Server - Tried to read from closed channel
2025-06-09 01:50:38 WARN  Server - Tried to read from closed channel
2025-06-09 01:50:38 WARN  Server - Tried to read from closed channel
2025-06-09 01:50:38 WARN  Server - Tried to read from closed channel
2025-06-09 01:50:38 WARN  Server - Tried to read from closed channel
2025-06-09 01:50:38 WARN  Server - Tried to read from closed channel
2025-06-09 01:50:38 WARN  Server - Tried to read from closed channel
2025-06-09 01:50:38 WARN  Server - Tried to read from closed channel
2025-06-09 01:50:38 WARN  Server - Tried to read from closed channel
2025-06-09 01:50:38 WARN  Server - Tried to read from closed channel
2025-06-09 01:50:38 WARN  Server - Tried to read from closed channel
2025-06-09 01:50:38 WARN  Server - Tried to read from closed channel
2025-06-09 01:50:38 WARN  Server - Tried to read from closed channel
2025-06-09 01:56:07 INFO  Server - Acceptable key detected. Accepting connection...
2025-06-09 01:56:07 INFO  Server - Connected to: /127.0.0.1:55470
2025-06-09 01:56:07 INFO  Server - Client disconnected
2025-06-09 01:56:07 WARN  Server - Invalid key encountered: channel=java.nio.channels.SocketChannel[closed], selector=sun.nio.ch.WEPollSelectorImpl@5d908d47, invalid
2025-06-09 01:56:07 WARN  Server - Tried to read from closed channel
2025-06-09 01:56:07 WARN  Server - Tried to read from closed channel
2025-06-09 01:56:07 WARN  Server - Tried to read from closed channel
2025-06-09 01:56:07 WARN  Server - Tried to read from closed channel
2025-06-09 01:56:07 WARN  Server - Tried to read from closed channel
2025-06-09 01:56:07 WARN  Server - Tried to read from closed channel
2025-06-09 01:56:07 WARN  Server - Tried to read from closed channel
2025-06-09 01:56:07 WARN  Server - Tried to read from closed channel
2025-06-09 01:56:07 WARN  Server - Tried to read from closed channel
2025-06-09 01:56:07 WARN  Server - Tried to read from closed channel
2025-06-09 01:56:07 WARN  Server - Tried to read from closed channel
2025-06-09 01:56:07 WARN  Server - Tried to read from closed channel
2025-06-09 01:56:07 WARN  Server - Tried to read from closed channel
2025-06-09 01:56:07 WARN  Server - Tried to read from closed channel
2025-06-09 01:56:07 WARN  Server - Tried to read from closed channel
2025-06-09 01:56:07 WARN  Server - Tried to read from closed channel
2025-06-09 01:56:07 WARN  Server - Tried to read from closed channel
2025-06-09 01:56:07 WARN  Server - Tried to read from closed channel
2025-06-09 01:56:07 WARN  Server - Tried to read from closed channel
2025-06-09 01:56:07 WARN  Server - Tried to read from closed channel
2025-06-09 01:56:07 WARN  Server - Tried to read from closed channel
2025-06-09 01:56:07 WARN  Server - Tried to read from closed channel
2025-06-09 01:56:07 WARN  Server - Tried to read from closed channel
2025-06-09 01:56:07 WARN  Server - Tried to read from closed channel
2025-06-09 01:56:07 WARN  Server - Tried to read from closed channel
2025-06-09 01:56:07 WARN  Server - Tried to read from closed channel
2025-06-09 01:56:07 WARN  Server - Tried to read from closed channel
2025-06-09 01:56:07 WARN  Server - Tried to read from closed channel
2025-06-09 01:56:07 WARN  Server - Tried to read from closed channel
2025-06-09 01:56:07 WARN  Server - Tried to read from closed channel
2025-06-09 01:56:07 WARN  Server - Tried to read from closed channel
2025-06-09 01:56:07 WARN  Server - Tried to read from closed channel
2025-06-09 01:56:07 WARN  Server - Tried to read from closed channel
2025-06-09 01:56:08 WARN  Server - Tried to read from closed channel
2025-06-09 01:56:08 WARN  Server - Tried to read from closed channel
2025-06-09 01:56:08 WARN  Server - Tried to read from closed channel
2025-06-09 01:56:08 WARN  Server - Tried to read from closed channel
2025-06-09 01:56:08 WARN  Server - Tried to read from closed channel
2025-06-09 01:56:08 WARN  Server - Tried to read from closed channel
2025-06-09 01:56:08 WARN  Server - Tried to read from closed channel
2025-06-09 01:56:08 WARN  Server - Tried to read from closed channel
2025-06-09 01:56:08 WARN  Server - Tried to read from closed channel
2025-06-09 01:56:08 WARN  Server - Tried to read from closed channel
2025-06-09 01:56:08 WARN  Server - Tried to read from closed channel
2025-06-09 01:56:08 WARN  Server - Tried to read from closed channel
2025-06-09 01:56:08 WARN  Server - Tried to read from closed channel
2025-06-09 01:56:08 WARN  Server - Tried to read from closed channel
2025-06-09 01:56:08 WARN  Server - Tried to read from closed channel
2025-06-09 01:56:08 WARN  Server - Tried to read from closed channel
2025-06-09 01:56:08 WARN  Server - Tried to read from closed channel
2025-06-09 01:56:08 WARN  Server - Tried to read from closed channel
2025-06-09 01:56:08 WARN  Server - Tried to read from closed channel
2025-06-09 01:56:08 WARN  Server - Tried to read from closed channel
2025-06-09 01:56:08 WARN  Server - Tried to read from closed channel
2025-06-09 01:56:08 WARN  Server - Tried to read from closed channel
2025-06-09 01:56:08 WARN  Server - Tried to read from closed channel
2025-06-09 01:56:08 WARN  Server - Tried to read from closed channel
2025-06-09 01:56:08 WARN  Server - Tried to read from closed channel
2025-06-09 01:56:08 WARN  Server - Tried to read from closed channel
2025-06-09 01:56:08 WARN  Server - Tried to read from closed channel
2025-06-09 01:56:08 WARN  Server - Tried to read from closed channel
2025-06-09 01:56:08 WARN  Server - Tried to read from closed channel
2025-06-09 01:56:08 WARN  Server - Tried to read from closed channel
2025-06-09 01:56:08 WARN  Server - Tried to read from closed channel
2025-06-09 01:56:08 WARN  Server - Tried to read from closed channel
2025-06-09 01:56:08 WARN  Server - Tried to read from closed channel
2025-06-09 01:56:08 WARN  Server - Tried to read from closed channel
2025-06-09 01:56:08 WARN  Server - Tried to read from closed channel
2025-06-09 01:56:08 WARN  Server - Tried to read from closed channel
2025-06-09 01:56:08 WARN  Server - Tried to read from closed channel
2025-06-09 01:56:08 WARN  Server - Tried to read from closed channel
2025-06-09 01:56:08 WARN  Server - Tried to read from closed channel
2025-06-09 01:56:08 WARN  Server - Tried to read from closed channel
2025-06-09 01:56:08 WARN  Server - Tried to read from closed channel
2025-06-09 01:56:08 WARN  Server - Tried to read from closed channel
2025-06-09 01:56:08 WARN  Server - Tried to read from closed channel
2025-06-09 01:56:08 WARN  Server - Tried to read from closed channel
2025-06-09 01:56:08 WARN  Server - Tried to read from closed channel
2025-06-09 01:56:08 WARN  Server - Tried to read from closed channel
2025-06-09 01:56:08 WARN  Server - Tried to read from closed channel
2025-06-09 01:56:08 WARN  Server - Tried to read from closed channel
2025-06-09 01:56:08 WARN  Server - Tried to read from closed channel
2025-06-09 01:56:08 WARN  Server - Tried to read from closed channel
2025-06-09 01:56:08 WARN  Server - Tried to read from closed channel
2025-06-09 01:56:08 WARN  Server - Tried to read from closed channel
2025-06-09 01:56:08 WARN  Server - Tried to read from closed channel
2025-06-09 01:56:08 WARN  Server - Tried to read from closed channel
2025-06-09 01:56:08 WARN  Server - Tried to read from closed channel
2025-06-09 01:56:08 WARN  Server - Tried to read from closed channel
2025-06-09 01:56:08 WARN  Server - Tried to read from closed channel
2025-06-09 01:56:08 WARN  Server - Tried to read from closed channel
2025-06-09 01:56:08 WARN  Server - Tried to read from closed channel
2025-06-09 01:56:08 WARN  Server - Tried to read from closed channel
2025-06-09 01:56:08 WARN  Server - Tried to read from closed channel
2025-06-09 01:56:08 WARN  Server - Tried to read from closed channel
2025-06-09 01:56:08 WARN  Server - Tried to read from closed channel
2025-06-09 01:56:08 WARN  Server - Tried to read from closed channel
2025-06-09 01:56:08 WARN  Server - Tried to read from closed channel
2025-06-09 01:56:08 WARN  Server - Tried to read from closed channel
2025-06-09 01:56:08 WARN  Server - Tried to read from closed channel
2025-06-09 01:56:08 WARN  Server - Tried to read from closed channel
2025-06-09 01:56:08 WARN  Server - Tried to read from closed channel
2025-06-09 01:56:08 WARN  Server - Tried to read from closed channel
2025-06-09 01:56:08 WARN  Server - Tried to read from closed channel
2025-06-09 01:56:08 WARN  Server - Tried to read from closed channel
2025-06-09 01:56:08 WARN  Server - Tried to read from closed channel
2025-06-09 01:56:08 WARN  Server - Tried to read from closed channel
2025-06-09 01:56:08 WARN  Server - Tried to read from closed channel
2025-06-09 01:56:08 WARN  Server - Tried to read from closed channel
2025-06-09 01:56:08 WARN  Server - Tried to read from closed channel
2025-06-09 01:56:08 WARN  Server - Tried to read from closed channel
2025-06-09 01:56:08 WARN  Server - Tried to read from closed channel
2025-06-09 01:56:08 WARN  Server - Tried to read from closed channel
2025-06-09 01:56:08 WARN  Server - Tried to read from closed channel
2025-06-09 01:56:08 WARN  Server - Tried to read from closed channel
2025-06-09 01:56:08 WARN  Server - Tried to read from closed channel
2025-06-09 01:56:08 WARN  Server - Tried to read from closed channel
2025-06-09 01:56:08 WARN  Server - Tried to read from closed channel
2025-06-09 01:56:08 WARN  Server - Tried to read from closed channel
2025-06-09 01:56:08 WARN  Server - Tried to read from closed channel
2025-06-09 01:56:08 WARN  Server - Tried to read from closed channel
2025-06-09 01:56:08 WARN  Server - Tried to read from closed channel
2025-06-09 01:56:08 WARN  Server - Tried to read from closed channel
2025-06-09 01:56:08 WARN  Server - Tried to read from closed channel
2025-06-09 01:56:08 WARN  Server - Tried to read from closed channel
2025-06-09 01:56:08 WARN  Server - Tried to read from closed channel
2025-06-09 01:56:08 WARN  Server - Tried to read from closed channel
2025-06-09 01:56:08 WARN  Server - Tried to read from closed channel
2025-06-09 01:56:08 WARN  Server - Tried to read from closed channel
2025-06-09 01:56:08 WARN  Server - Tried to read from closed channel
2025-06-09 01:56:08 WARN  Server - Tried to read from closed channel
2025-06-09 01:56:08 WARN  Server - Tried to read from closed channel
2025-06-09 01:56:08 WARN  Server - Tried to read from closed channel
2025-06-09 01:56:08 WARN  Server - Tried to read from closed channel
2025-06-09 01:56:08 WARN  Server - Tried to read from closed channel
2025-06-09 01:56:08 WARN  Server - Tried to read from closed channel
2025-06-09 01:56:08 WARN  Server - Tried to read from closed channel
2025-06-09 01:56:08 WARN  Server - Tried to read from closed channel
2025-06-09 01:56:08 WARN  Server - Tried to read from closed channel
2025-06-09 01:56:08 WARN  Server - Tried to read from closed channel
2025-06-09 01:56:08 WARN  Server - Tried to read from closed channel
2025-06-09 01:56:08 WARN  Server - Tried to read from closed channel
2025-06-09 01:56:08 WARN  Server - Tried to read from closed channel
2025-06-09 01:56:08 WARN  Server - Tried to read from closed channel
2025-06-09 01:56:08 WARN  Server - Tried to read from closed channel
2025-06-09 01:56:08 WARN  Server - Tried to read from closed channel
2025-06-09 01:56:08 WARN  Server - Tried to read from closed channel
2025-06-09 01:56:08 WARN  Server - Tried to read from closed channel
2025-06-09 01:56:08 WARN  Server - Tried to read from closed channel
2025-06-09 01:56:08 WARN  Server - Tried to read from closed channel
2025-06-09 01:56:08 WARN  Server - Tried to read from closed channel
2025-06-09 01:56:08 WARN  Server - Tried to read from closed channel
2025-06-09 01:56:08 WARN  Server - Tried to read from closed channel
2025-06-09 01:56:08 WARN  Server - Tried to read from closed channel
2025-06-09 01:56:08 WARN  Server - Tried to read from closed channel
2025-06-09 01:56:08 WARN  Server - Tried to read from closed channel
2025-06-09 01:56:08 WARN  Server - Tried to read from closed channel
2025-06-09 01:56:08 WARN  Server - Tried to read from closed channel
2025-06-09 01:56:08 WARN  Server - Tried to read from closed channel
2025-06-09 01:56:08 WARN  Server - Tried to read from closed channel
2025-06-09 01:56:08 WARN  Server - Tried to read from closed channel
2025-06-09 01:56:08 WARN  Server - Tried to read from closed channel
2025-06-09 01:56:08 WARN  Server - Tried to read from closed channel
2025-06-09 01:56:08 WARN  Server - Tried to read from closed channel
2025-06-09 01:56:08 WARN  Server - Tried to read from closed channel
2025-06-09 01:56:08 WARN  Server - Tried to read from closed channel
2025-06-09 01:56:08 WARN  Server - Tried to read from closed channel
2025-06-09 01:56:08 WARN  Server - Tried to read from closed channel
2025-06-09 01:56:08 WARN  Server - Tried to read from closed channel
2025-06-09 01:56:08 WARN  Server - Tried to read from closed channel
2025-06-09 02:08:07 INFO  Server - Acceptable key detected. Accepting connection...
2025-06-09 02:08:07 INFO  Server - Connected to: /127.0.0.1:55525
2025-06-09 02:09:01 INFO  Server - Client disconnected
2025-06-09 02:09:01 WARN  Server - Tried to read from closed channel
2025-06-09 02:09:01 WARN  Server - Tried to read from closed channel
2025-06-09 02:09:01 WARN  Server - Tried to read from closed channel
2025-06-09 02:09:01 WARN  Server - Tried to read from closed channel
2025-06-09 02:09:01 WARN  Server - Tried to read from closed channel
2025-06-09 02:09:01 WARN  Server - Tried to read from closed channel
2025-06-09 02:09:01 WARN  Server - Tried to read from closed channel
2025-06-09 02:09:01 WARN  Server - Tried to read from closed channel
2025-06-09 02:09:01 WARN  Server - Tried to read from closed channel
2025-06-09 02:09:01 WARN  Server - Tried to read from closed channel
2025-06-09 02:09:01 WARN  Server - Tried to read from closed channel
2025-06-09 02:09:01 WARN  Server - Tried to read from closed channel
2025-06-09 02:09:01 WARN  Server - Tried to read from closed channel
2025-06-09 02:09:01 WARN  Server - Tried to read from closed channel
2025-06-09 02:09:01 WARN  Server - Tried to read from closed channel
2025-06-09 02:09:01 WARN  Server - Tried to read from closed channel
2025-06-09 02:09:01 WARN  Server - Tried to read from closed channel
2025-06-09 02:09:01 WARN  Server - Tried to read from closed channel
2025-06-09 02:09:01 WARN  Server - Tried to read from closed channel
2025-06-09 02:09:01 WARN  Server - Tried to read from closed channel
2025-06-09 02:09:01 WARN  Server - Tried to read from closed channel
2025-06-09 02:09:01 WARN  Server - Tried to read from closed channel
2025-06-09 02:09:01 WARN  Server - Tried to read from closed channel
2025-06-09 02:09:01 WARN  Server - Tried to read from closed channel
2025-06-09 02:09:01 WARN  Server - Tried to read from closed channel
2025-06-09 02:09:01 WARN  Server - Tried to read from closed channel
2025-06-09 02:09:01 WARN  Server - Tried to read from closed channel
2025-06-09 02:09:01 WARN  Server - Tried to read from closed channel
2025-06-09 02:09:01 WARN  Server - Tried to read from closed channel
2025-06-09 02:09:01 WARN  Server - Tried to read from closed channel
2025-06-09 02:09:01 WARN  Server - Tried to read from closed channel
2025-06-09 02:09:01 WARN  Server - Tried to read from closed channel
2025-06-09 02:09:01 WARN  Server - Tried to read from closed channel
2025-06-09 02:09:01 WARN  Server - Tried to read from closed channel
2025-06-09 02:09:01 WARN  Server - Tried to read from closed channel
2025-06-09 02:09:01 WARN  Server - Tried to read from closed channel
2025-06-09 02:09:01 WARN  Server - Tried to read from closed channel
2025-06-09 02:09:01 WARN  Server - Tried to read from closed channel
2025-06-09 02:09:01 WARN  Server - Tried to read from closed channel
2025-06-09 02:09:01 WARN  Server - Tried to read from closed channel
2025-06-09 02:09:01 WARN  Server - Tried to read from closed channel
2025-06-09 02:09:01 WARN  Server - Tried to read from closed channel
2025-06-09 02:09:01 WARN  Server - Tried to read from closed channel
2025-06-09 02:09:01 WARN  Server - Tried to read from closed channel
2025-06-09 02:09:01 WARN  Server - Tried to read from closed channel
2025-06-09 02:09:01 WARN  Server - Tried to read from closed channel
2025-06-09 02:09:01 WARN  Server - Tried to read from closed channel
2025-06-09 02:09:01 WARN  Server - Tried to read from closed channel
2025-06-09 02:09:01 WARN  Server - Tried to read from closed channel
2025-06-09 02:09:01 WARN  Server - Tried to read from closed channel
2025-06-09 02:09:01 WARN  Server - Tried to read from closed channel
2025-06-09 02:09:01 WARN  Server - Tried to read from closed channel
2025-06-09 02:09:01 WARN  Server - Tried to read from closed channel
2025-06-09 02:09:01 WARN  Server - Tried to read from closed channel
2025-06-09 02:09:01 WARN  Server - Tried to read from closed channel
2025-06-09 02:09:01 WARN  Server - Tried to read from closed channel
2025-06-09 02:09:01 WARN  Server - Tried to read from closed channel
2025-06-09 02:09:01 WARN  Server - Tried to read from closed channel
2025-06-09 02:09:01 WARN  Server - Tried to read from closed channel
2025-06-09 02:09:01 WARN  Server - Tried to read from closed channel
2025-06-09 02:09:01 WARN  Server - Tried to read from closed channel
2025-06-09 02:09:01 WARN  Server - Tried to read from closed channel
2025-06-09 02:09:01 WARN  Server - Tried to read from closed channel
2025-06-09 02:09:01 WARN  Server - Tried to read from closed channel
2025-06-09 02:09:01 WARN  Server - Tried to read from closed channel
2025-06-09 02:09:01 WARN  Server - Tried to read from closed channel
2025-06-09 02:09:01 WARN  Server - Tried to read from closed channel
2025-06-09 02:09:01 WARN  Server - Tried to read from closed channel
2025-06-09 02:09:01 WARN  Server - Tried to read from closed channel
2025-06-09 02:09:01 WARN  Server - Tried to read from closed channel
2025-06-09 02:09:01 WARN  Server - Tried to read from closed channel
2025-06-09 02:09:01 WARN  Server - Tried to read from closed channel
2025-06-09 02:09:01 WARN  Server - Tried to read from closed channel
2025-06-09 02:09:01 WARN  Server - Tried to read from closed channel
2025-06-09 02:09:01 WARN  Server - Tried to read from closed channel
2025-06-09 02:09:01 WARN  Server - Tried to read from closed channel
2025-06-09 02:09:01 WARN  Server - Tried to read from closed channel
2025-06-09 02:09:01 WARN  Server - Tried to read from closed channel
2025-06-09 02:09:01 WARN  Server - Tried to read from closed channel
2025-06-09 02:09:01 WARN  Server - Tried to read from closed channel
2025-06-09 02:09:01 WARN  Server - Tried to read from closed channel
2025-06-09 02:09:01 WARN  Server - Tried to read from closed channel
2025-06-09 02:09:01 WARN  Server - Tried to read from closed channel
2025-06-09 02:09:01 WARN  Server - Tried to read from closed channel
2025-06-09 02:09:01 WARN  Server - Tried to read from closed channel
2025-06-09 02:09:01 WARN  Server - Tried to read from closed channel
2025-06-09 02:09:01 WARN  Server - Tried to read from closed channel
2025-06-09 02:09:01 WARN  Server - Tried to read from closed channel
2025-06-09 02:09:01 WARN  Server - Tried to read from closed channel
2025-06-09 02:09:01 WARN  Server - Tried to read from closed channel
2025-06-09 02:09:01 WARN  Server - Tried to read from closed channel
2025-06-09 02:09:01 WARN  Server - Tried to read from closed channel
2025-06-09 02:09:01 WARN  Server - Tried to read from closed channel
2025-06-09 02:09:01 WARN  Server - Tried to read from closed channel
2025-06-09 02:09:01 WARN  Server - Tried to read from closed channel
2025-06-09 02:09:01 WARN  Server - Tried to read from closed channel
2025-06-09 02:09:01 WARN  Server - Tried to read from closed channel
2025-06-09 02:09:01 WARN  Server - Tried to read from closed channel
2025-06-09 02:09:01 WARN  Server - Tried to read from closed channel
2025-06-09 02:09:01 WARN  Server - Tried to read from closed channel
2025-06-09 02:09:01 WARN  Server - Tried to read from closed channel
2025-06-09 02:09:01 WARN  Server - Tried to read from closed channel
2025-06-09 02:09:01 WARN  Server - Tried to read from closed channel
2025-06-09 02:09:01 WARN  Server - Tried to read from closed channel
2025-06-09 02:09:01 WARN  Server - Tried to read from closed channel
2025-06-09 02:09:01 WARN  Server - Tried to read from closed channel
2025-06-09 02:09:01 WARN  Server - Tried to read from closed channel
2025-06-09 02:09:01 WARN  Server - Tried to read from closed channel
2025-06-09 02:09:01 WARN  Server - Tried to read from closed channel
2025-06-09 02:09:01 WARN  Server - Tried to read from closed channel
2025-06-09 02:09:01 WARN  Server - Tried to read from closed channel
2025-06-09 02:09:01 WARN  Server - Tried to read from closed channel
2025-06-09 02:09:01 WARN  Server - Tried to read from closed channel
2025-06-09 02:09:01 WARN  Server - Tried to read from closed channel
2025-06-09 02:09:01 WARN  Server - Tried to read from closed channel
2025-06-09 02:09:01 WARN  Server - Tried to read from closed channel
2025-06-09 02:09:01 WARN  Server - Tried to read from closed channel
2025-06-09 02:09:01 WARN  Server - Tried to read from closed channel
2025-06-09 02:09:01 WARN  Server - Tried to read from closed channel
2025-06-09 02:09:01 WARN  Server - Tried to read from closed channel
2025-06-09 02:09:01 WARN  Server - Tried to read from closed channel
2025-06-09 02:09:01 WARN  Server - Tried to read from closed channel
2025-06-09 02:09:01 WARN  Server - Tried to read from closed channel
2025-06-09 02:09:01 WARN  Server - Tried to read from closed channel
2025-06-09 02:09:01 WARN  Server - Tried to read from closed channel
2025-06-09 02:09:01 WARN  Server - Tried to read from closed channel
2025-06-09 02:09:01 WARN  Server - Tried to read from closed channel
2025-06-09 02:09:01 WARN  Server - Tried to read from closed channel
2025-06-09 02:09:01 WARN  Server - Tried to read from closed channel
2025-06-09 02:09:01 WARN  Server - Tried to read from closed channel
2025-06-09 02:09:01 WARN  Server - Tried to read from closed channel
2025-06-09 02:09:01 WARN  Server - Tried to read from closed channel
2025-06-09 02:09:04 INFO  Server - Acceptable key detected. Accepting connection...
2025-06-09 02:09:04 INFO  Server - Connected to: /127.0.0.1:55534
2025-06-09 02:09:12 INFO  Server - Client disconnected
2025-06-09 02:09:12 WARN  Server - Tried to read from closed channel
2025-06-09 02:09:12 WARN  Server - Tried to read from closed channel
2025-06-09 02:09:12 WARN  Server - Tried to read from closed channel
2025-06-09 02:09:12 WARN  Server - Tried to read from closed channel
2025-06-09 02:09:12 WARN  Server - Tried to read from closed channel
2025-06-09 02:09:12 WARN  Server - Tried to read from closed channel
2025-06-09 02:09:12 WARN  Server - Tried to read from closed channel
2025-06-09 02:09:12 WARN  Server - Tried to read from closed channel
2025-06-09 02:09:12 WARN  Server - Tried to read from closed channel
2025-06-09 02:09:12 WARN  Server - Tried to read from closed channel
2025-06-09 02:09:12 WARN  Server - Tried to read from closed channel
2025-06-09 02:09:12 WARN  Server - Tried to read from closed channel
2025-06-09 02:09:12 WARN  Server - Tried to read from closed channel
2025-06-09 02:09:12 WARN  Server - Tried to read from closed channel
2025-06-09 02:09:12 WARN  Server - Tried to read from closed channel
2025-06-09 02:09:12 WARN  Server - Tried to read from closed channel
2025-06-09 02:09:12 WARN  Server - Tried to read from closed channel
2025-06-09 02:09:12 WARN  Server - Tried to read from closed channel
2025-06-09 02:09:12 WARN  Server - Tried to read from closed channel
2025-06-09 02:09:12 WARN  Server - Tried to read from closed channel
2025-06-09 02:09:12 WARN  Server - Tried to read from closed channel
2025-06-09 02:09:12 WARN  Server - Tried to read from closed channel
2025-06-09 02:09:12 WARN  Server - Tried to read from closed channel
2025-06-09 02:09:12 WARN  Server - Tried to read from closed channel
2025-06-09 02:09:12 WARN  Server - Tried to read from closed channel
2025-06-09 02:09:12 WARN  Server - Tried to read from closed channel
2025-06-09 02:09:12 WARN  Server - Tried to read from closed channel
2025-06-09 02:09:12 WARN  Server - Tried to read from closed channel
2025-06-09 02:09:12 WARN  Server - Tried to read from closed channel
2025-06-09 02:09:12 WARN  Server - Tried to read from closed channel
2025-06-09 02:09:12 WARN  Server - Tried to read from closed channel
2025-06-09 02:09:12 WARN  Server - Tried to read from closed channel
2025-06-09 02:09:12 WARN  Server - Tried to read from closed channel
2025-06-09 02:09:12 WARN  Server - Tried to read from closed channel
2025-06-09 02:09:12 WARN  Server - Tried to read from closed channel
2025-06-09 02:09:12 WARN  Server - Tried to read from closed channel
2025-06-09 02:09:12 WARN  Server - Tried to read from closed channel
2025-06-09 02:09:12 WARN  Server - Tried to read from closed channel
2025-06-09 02:09:12 WARN  Server - Tried to read from closed channel
2025-06-09 02:09:12 WARN  Server - Tried to read from closed channel
2025-06-09 02:09:12 WARN  Server - Tried to read from closed channel
2025-06-09 02:09:12 WARN  Server - Tried to read from closed channel
2025-06-09 02:09:12 WARN  Server - Tried to read from closed channel
2025-06-09 02:09:12 WARN  Server - Tried to read from closed channel
2025-06-09 02:09:12 WARN  Server - Tried to read from closed channel
2025-06-09 02:09:12 WARN  Server - Tried to read from closed channel
2025-06-09 02:09:12 WARN  Server - Tried to read from closed channel
2025-06-09 02:09:12 WARN  Server - Tried to read from closed channel
2025-06-09 02:09:12 WARN  Server - Tried to read from closed channel
2025-06-09 02:09:12 WARN  Server - Tried to read from closed channel
2025-06-09 02:09:12 WARN  Server - Tried to read from closed channel
2025-06-09 02:09:12 WARN  Server - Tried to read from closed channel
2025-06-09 02:09:12 WARN  Server - Tried to read from closed channel
2025-06-09 02:09:12 WARN  Server - Tried to read from closed channel
2025-06-09 02:09:12 WARN  Server - Tried to read from closed channel
2025-06-09 02:09:12 WARN  Server - Tried to read from closed channel
2025-06-09 02:09:12 WARN  Server - Tried to read from closed channel
2025-06-09 02:09:12 WARN  Server - Tried to read from closed channel
2025-06-09 02:09:12 WARN  Server - Tried to read from closed channel
2025-06-09 02:09:12 WARN  Server - Tried to read from closed channel
2025-06-09 02:09:12 WARN  Server - Tried to read from closed channel
2025-06-09 02:09:12 WARN  Server - Tried to read from closed channel
2025-06-09 02:09:12 WARN  Server - Tried to read from closed channel
2025-06-09 02:09:12 WARN  Server - Tried to read from closed channel
2025-06-09 02:09:12 WARN  Server - Tried to read from closed channel
2025-06-09 02:09:12 WARN  Server - Tried to read from closed channel
2025-06-09 02:09:12 WARN  Server - Tried to read from closed channel
2025-06-09 02:09:12 WARN  Server - Tried to read from closed channel
2025-06-09 02:09:12 WARN  Server - Tried to read from closed channel
2025-06-09 02:09:12 WARN  Server - Tried to read from closed channel
2025-06-09 02:09:12 WARN  Server - Tried to read from closed channel
2025-06-09 02:09:12 WARN  Server - Tried to read from closed channel
2025-06-09 02:09:12 WARN  Server - Tried to read from closed channel
2025-06-09 02:09:12 WARN  Server - Tried to read from closed channel
2025-06-09 02:09:12 WARN  Server - Tried to read from closed channel
2025-06-09 02:09:12 WARN  Server - Tried to read from closed channel
2025-06-09 02:09:12 WARN  Server - Tried to read from closed channel
2025-06-09 02:09:12 WARN  Server - Tried to read from closed channel
2025-06-09 02:09:12 WARN  Server - Tried to read from closed channel
2025-06-09 02:09:12 WARN  Server - Tried to read from closed channel
2025-06-09 02:09:12 WARN  Server - Tried to read from closed channel
2025-06-09 02:09:12 WARN  Server - Tried to read from closed channel
2025-06-09 02:09:12 WARN  Server - Tried to read from closed channel
2025-06-09 02:09:12 WARN  Server - Tried to read from closed channel
2025-06-09 02:09:12 WARN  Server - Tried to read from closed channel
2025-06-09 02:09:12 WARN  Server - Tried to read from closed channel
2025-06-09 02:09:12 WARN  Server - Tried to read from closed channel
2025-06-09 02:09:12 WARN  Server - Tried to read from closed channel
2025-06-09 02:09:12 WARN  Server - Tried to read from closed channel
2025-06-09 02:09:12 WARN  Server - Tried to read from closed channel
2025-06-09 02:09:12 WARN  Server - Tried to read from closed channel
2025-06-09 02:09:12 WARN  Server - Tried to read from closed channel
2025-06-09 02:09:12 WARN  Server - Tried to read from closed channel
2025-06-09 02:09:12 WARN  Server - Tried to read from closed channel
2025-06-09 02:09:12 WARN  Server - Tried to read from closed channel
2025-06-09 02:09:12 WARN  Server - Tried to read from closed channel
2025-06-09 02:09:12 WARN  Server - Tried to read from closed channel
2025-06-09 02:09:12 WARN  Server - Tried to read from closed channel
2025-06-09 02:09:12 WARN  Server - Tried to read from closed channel
2025-06-09 02:09:12 WARN  Server - Tried to read from closed channel
2025-06-09 02:09:12 WARN  Server - Tried to read from closed channel
2025-06-09 02:09:12 WARN  Server - Tried to read from closed channel
2025-06-09 02:09:12 WARN  Server - Tried to read from closed channel
2025-06-09 02:09:12 WARN  Server - Tried to read from closed channel
2025-06-09 02:09:30 INFO  Server - Acceptable key detected. Accepting connection...
2025-06-09 02:09:30 INFO  Server - Connected to: /127.0.0.1:55543
2025-06-09 02:11:12 INFO  Server - Client disconnected
2025-06-09 02:11:12 WARN  Server - Tried to read from closed channel
2025-06-09 02:11:12 WARN  Server - Tried to read from closed channel
2025-06-09 02:11:12 WARN  Server - Invalid key encountered: channel=java.nio.channels.SocketChannel[closed], selector=sun.nio.ch.WEPollSelectorImpl@5d908d47, invalid
2025-06-09 02:11:12 WARN  Server - Tried to read from closed channel
2025-06-09 02:11:12 WARN  Server - Tried to read from closed channel
2025-06-09 02:11:12 WARN  Server - Tried to read from closed channel
2025-06-09 02:11:12 WARN  Server - Tried to read from closed channel
2025-06-09 02:11:12 WARN  Server - Tried to read from closed channel
2025-06-09 02:11:12 WARN  Server - Tried to read from closed channel
2025-06-09 02:11:12 WARN  Server - Tried to read from closed channel
2025-06-09 02:11:12 WARN  Server - Tried to read from closed channel
2025-06-09 02:11:12 WARN  Server - Tried to read from closed channel
2025-06-09 02:11:12 WARN  Server - Tried to read from closed channel
2025-06-09 02:11:12 WARN  Server - Tried to read from closed channel
2025-06-09 02:11:12 WARN  Server - Tried to read from closed channel
2025-06-09 02:11:12 WARN  Server - Tried to read from closed channel
2025-06-09 02:11:12 WARN  Server - Tried to read from closed channel
2025-06-09 02:11:12 WARN  Server - Tried to read from closed channel
2025-06-09 02:11:12 WARN  Server - Tried to read from closed channel
2025-06-09 02:11:12 WARN  Server - Tried to read from closed channel
2025-06-09 02:11:12 WARN  Server - Tried to read from closed channel
2025-06-09 02:11:12 WARN  Server - Tried to read from closed channel
2025-06-09 02:11:12 WARN  Server - Tried to read from closed channel
2025-06-09 02:11:12 WARN  Server - Tried to read from closed channel
2025-06-09 02:11:12 WARN  Server - Tried to read from closed channel
2025-06-09 02:11:12 WARN  Server - Tried to read from closed channel
2025-06-09 02:11:12 WARN  Server - Tried to read from closed channel
2025-06-09 02:11:12 WARN  Server - Tried to read from closed channel
2025-06-09 02:11:12 WARN  Server - Tried to read from closed channel
2025-06-09 02:11:12 WARN  Server - Tried to read from closed channel
2025-06-09 02:11:12 WARN  Server - Tried to read from closed channel
2025-06-09 02:11:12 WARN  Server - Tried to read from closed channel
2025-06-09 02:11:12 WARN  Server - Tried to read from closed channel
2025-06-09 02:11:12 WARN  Server - Tried to read from closed channel
2025-06-09 02:11:12 WARN  Server - Tried to read from closed channel
2025-06-09 02:11:12 WARN  Server - Tried to read from closed channel
2025-06-09 02:11:12 WARN  Server - Tried to read from closed channel
2025-06-09 02:11:12 WARN  Server - Tried to read from closed channel
2025-06-09 02:11:12 WARN  Server - Tried to read from closed channel
2025-06-09 02:11:12 WARN  Server - Tried to read from closed channel
2025-06-09 02:11:12 WARN  Server - Tried to read from closed channel
2025-06-09 02:11:12 WARN  Server - Tried to read from closed channel
2025-06-09 02:11:12 WARN  Server - Tried to read from closed channel
2025-06-09 02:11:12 WARN  Server - Tried to read from closed channel
2025-06-09 02:11:12 WARN  Server - Tried to read from closed channel
2025-06-09 02:11:12 WARN  Server - Tried to read from closed channel
2025-06-09 02:11:12 WARN  Server - Tried to read from closed channel
2025-06-09 02:11:12 WARN  Server - Tried to read from closed channel
2025-06-09 02:11:12 WARN  Server - Tried to read from closed channel
2025-06-09 02:11:12 WARN  Server - Tried to read from closed channel
2025-06-09 02:11:12 WARN  Server - Tried to read from closed channel
2025-06-09 02:11:12 WARN  Server - Tried to read from closed channel
2025-06-09 02:11:12 WARN  Server - Tried to read from closed channel
2025-06-09 02:11:12 WARN  Server - Tried to read from closed channel
2025-06-09 02:11:12 WARN  Server - Tried to read from closed channel
2025-06-09 02:11:12 WARN  Server - Tried to read from closed channel
2025-06-09 02:11:12 WARN  Server - Tried to read from closed channel
2025-06-09 02:11:12 WARN  Server - Tried to read from closed channel
2025-06-09 02:11:12 WARN  Server - Tried to read from closed channel
2025-06-09 02:11:12 WARN  Server - Tried to read from closed channel
2025-06-09 02:11:12 WARN  Server - Tried to read from closed channel
2025-06-09 02:11:12 WARN  Server - Tried to read from closed channel
2025-06-09 02:11:12 WARN  Server - Tried to read from closed channel
2025-06-09 02:11:12 WARN  Server - Tried to read from closed channel
2025-06-09 02:11:12 WARN  Server - Tried to read from closed channel
2025-06-09 02:11:12 WARN  Server - Tried to read from closed channel
2025-06-09 02:11:12 WARN  Server - Tried to read from closed channel
2025-06-09 02:11:12 WARN  Server - Tried to read from closed channel
2025-06-09 02:11:12 WARN  Server - Tried to read from closed channel
2025-06-09 02:11:12 WARN  Server - Tried to read from closed channel
2025-06-09 02:11:12 WARN  Server - Tried to read from closed channel
2025-06-09 02:11:12 WARN  Server - Tried to read from closed channel
2025-06-09 02:11:12 WARN  Server - Tried to read from closed channel
2025-06-09 02:11:12 WARN  Server - Tried to read from closed channel
2025-06-09 02:11:12 WARN  Server - Tried to read from closed channel
2025-06-09 02:11:12 WARN  Server - Tried to read from closed channel
2025-06-09 02:11:12 WARN  Server - Tried to read from closed channel
2025-06-09 02:11:12 WARN  Server - Tried to read from closed channel
2025-06-09 02:11:12 WARN  Server - Tried to read from closed channel
2025-06-09 02:11:12 WARN  Server - Tried to read from closed channel
2025-06-09 02:11:12 WARN  Server - Tried to read from closed channel
2025-06-09 02:11:12 WARN  Server - Tried to read from closed channel
2025-06-09 02:11:12 WARN  Server - Tried to read from closed channel
2025-06-09 02:11:12 WARN  Server - Tried to read from closed channel
2025-06-09 02:11:12 WARN  Server - Tried to read from closed channel
2025-06-09 02:11:12 WARN  Server - Tried to read from closed channel
2025-06-09 02:11:12 WARN  Server - Tried to read from closed channel
2025-06-09 02:11:12 WARN  Server - Tried to read from closed channel
2025-06-09 02:11:12 WARN  Server - Tried to read from closed channel
2025-06-09 02:11:12 WARN  Server - Tried to read from closed channel
2025-06-09 02:11:12 WARN  Server - Tried to read from closed channel
2025-06-09 02:11:12 WARN  Server - Tried to read from closed channel
2025-06-09 02:11:12 WARN  Server - Tried to read from closed channel
2025-06-09 02:11:12 WARN  Server - Tried to read from closed channel
2025-06-09 02:11:12 WARN  Server - Tried to read from closed channel
2025-06-09 02:11:12 WARN  Server - Tried to read from closed channel
2025-06-09 02:11:12 WARN  Server - Tried to read from closed channel
2025-06-09 02:11:12 WARN  Server - Tried to read from closed channel
2025-06-09 02:11:12 WARN  Server - Tried to read from closed channel
2025-06-09 02:11:12 WARN  Server - Tried to read from closed channel
2025-06-09 02:11:12 WARN  Server - Tried to read from closed channel
2025-06-09 02:11:12 WARN  Server - Tried to read from closed channel
2025-06-09 02:11:12 WARN  Server - Tried to read from closed channel
2025-06-09 02:11:12 WARN  Server - Tried to read from closed channel
2025-06-09 02:11:12 WARN  Server - Tried to read from closed channel
2025-06-09 02:11:12 WARN  Server - Tried to read from closed channel
2025-06-09 02:11:12 WARN  Server - Tried to read from closed channel
2025-06-09 02:11:12 WARN  Server - Tried to read from closed channel
2025-06-09 02:11:12 WARN  Server - Tried to read from closed channel
2025-06-09 02:11:12 WARN  Server - Tried to read from closed channel
2025-06-09 02:11:12 WARN  Server - Tried to read from closed channel
2025-06-09 02:11:12 WARN  Server - Tried to read from closed channel
2025-06-09 02:11:12 WARN  Server - Tried to read from closed channel
2025-06-09 02:11:12 WARN  Server - Tried to read from closed channel
2025-06-09 02:11:12 WARN  Server - Tried to read from closed channel
2025-06-09 02:11:12 WARN  Server - Tried to read from closed channel
2025-06-09 02:11:12 WARN  Server - Tried to read from closed channel
2025-06-09 02:11:12 WARN  Server - Tried to read from closed channel
2025-06-09 02:11:12 WARN  Server - Tried to read from closed channel
2025-06-09 02:11:12 WARN  Server - Tried to read from closed channel
2025-06-09 02:11:12 WARN  Server - Tried to read from closed channel
2025-06-09 02:11:12 WARN  Server - Tried to read from closed channel
2025-06-09 02:11:12 WARN  Server - Tried to read from closed channel
2025-06-09 02:11:12 WARN  Server - Tried to read from closed channel
2025-06-09 02:11:12 WARN  Server - Tried to read from closed channel
2025-06-09 02:11:12 WARN  Server - Tried to read from closed channel
2025-06-09 02:11:12 WARN  Server - Tried to read from closed channel
2025-06-09 02:11:12 WARN  Server - Tried to read from closed channel
2025-06-09 02:11:12 WARN  Server - Tried to read from closed channel
2025-06-09 02:11:12 WARN  Server - Tried to read from closed channel
2025-06-09 02:11:12 WARN  Server - Tried to read from closed channel
2025-06-09 02:11:12 WARN  Server - Tried to read from closed channel
2025-06-09 02:11:12 WARN  Server - Tried to read from closed channel
2025-06-09 02:11:12 WARN  Server - Tried to read from closed channel
2025-06-09 02:11:12 WARN  Server - Tried to read from closed channel
2025-06-09 02:11:12 WARN  Server - Tried to read from closed channel
2025-06-09 02:11:12 WARN  Server - Tried to read from closed channel
2025-06-09 02:11:12 WARN  Server - Tried to read from closed channel
2025-06-09 02:11:12 WARN  Server - Tried to read from closed channel
2025-06-09 02:11:12 WARN  Server - Tried to read from closed channel
2025-06-09 02:11:12 WARN  Server - Tried to read from closed channel
2025-06-09 02:11:12 WARN  Server - Tried to read from closed channel
2025-06-09 02:11:12 WARN  Server - Tried to read from closed channel
2025-06-09 02:11:12 WARN  Server - Tried to read from closed channel
2025-06-09 02:11:12 WARN  Server - Tried to read from closed channel
2025-06-09 02:11:12 WARN  Server - Tried to read from closed channel
2025-06-09 02:11:12 WARN  Server - Tried to read from closed channel
2025-06-09 02:11:12 WARN  Server - Tried to read from closed channel
2025-06-09 02:11:12 WARN  Server - Tried to read from closed channel
2025-06-09 02:11:12 WARN  Server - Tried to read from closed channel
2025-06-09 02:11:12 WARN  Server - Tried to read from closed channel
2025-06-09 02:11:12 WARN  Server - Tried to read from closed channel
2025-06-09 02:11:12 WARN  Server - Tried to read from closed channel
2025-06-09 02:11:12 WARN  Server - Tried to read from closed channel
2025-06-09 02:11:12 WARN  Server - Tried to read from closed channel
2025-06-09 02:11:12 WARN  Server - Tried to read from closed channel
2025-06-09 02:11:12 WARN  Server - Tried to read from closed channel
2025-06-09 02:11:12 WARN  Server - Tried to read from closed channel
2025-06-09 02:11:12 WARN  Server - Tried to read from closed channel
2025-06-09 02:11:12 WARN  Server - Tried to read from closed channel
2025-06-09 02:11:12 WARN  Server - Tried to read from closed channel
2025-06-09 02:11:12 WARN  Server - Tried to read from closed channel
2025-06-09 02:11:12 WARN  Server - Tried to read from closed channel
2025-06-09 02:11:12 WARN  Server - Tried to read from closed channel
2025-06-09 02:11:12 WARN  Server - Tried to read from closed channel
2025-06-09 02:11:12 WARN  Server - Tried to read from closed channel
2025-06-09 02:11:12 WARN  Server - Tried to read from closed channel
2025-06-09 02:11:12 WARN  Server - Tried to read from closed channel
2025-06-09 02:11:12 WARN  Server - Tried to read from closed channel
2025-06-09 02:11:12 WARN  Server - Tried to read from closed channel
2025-06-09 02:11:12 WARN  Server - Tried to read from closed channel
2025-06-09 02:11:12 WARN  Server - Tried to read from closed channel
2025-06-09 02:11:12 WARN  Server - Tried to read from closed channel
2025-06-09 02:11:12 WARN  Server - Tried to read from closed channel
2025-06-09 02:11:12 WARN  Server - Tried to read from closed channel
2025-06-09 02:11:12 WARN  Server - Tried to read from closed channel
2025-06-09 02:11:12 WARN  Server - Tried to read from closed channel
2025-06-09 02:11:12 WARN  Server - Tried to read from closed channel
2025-06-09 02:11:12 WARN  Server - Tried to read from closed channel
2025-06-09 02:11:12 WARN  Server - Tried to read from closed channel
2025-06-09 02:11:12 WARN  Server - Tried to read from closed channel
2025-06-09 02:11:12 WARN  Server - Tried to read from closed channel
2025-06-09 02:11:12 WARN  Server - Tried to read from closed channel
2025-06-09 02:11:12 WARN  Server - Tried to read from closed channel
2025-06-09 02:11:12 WARN  Server - Tried to read from closed channel
2025-06-09 02:11:12 WARN  Server - Tried to read from closed channel
2025-06-09 02:11:12 WARN  Server - Tried to read from closed channel
2025-06-09 02:11:12 WARN  Server - Tried to read from closed channel
2025-06-09 02:11:12 WARN  Server - Tried to read from closed channel
2025-06-09 02:11:12 WARN  Server - Tried to read from closed channel
2025-06-09 02:11:12 WARN  Server - Tried to read from closed channel
2025-06-09 02:11:12 WARN  Server - Tried to read from closed channel
2025-06-09 02:11:12 WARN  Server - Tried to read from closed channel
2025-06-09 02:11:12 WARN  Server - Tried to read from closed channel
2025-06-09 02:11:12 WARN  Server - Tried to read from closed channel
2025-06-09 02:11:12 WARN  Server - Tried to read from closed channel
2025-06-09 02:11:12 WARN  Server - Tried to read from closed channel
2025-06-09 02:11:12 WARN  Server - Tried to read from closed channel
2025-06-09 02:11:12 WARN  Server - Tried to read from closed channel
2025-06-09 02:11:12 WARN  Server - Tried to read from closed channel
2025-06-09 02:11:12 WARN  Server - Tried to read from closed channel
2025-06-09 02:11:12 WARN  Server - Tried to read from closed channel
2025-06-09 02:11:12 WARN  Server - Tried to read from closed channel
2025-06-09 02:11:12 WARN  Server - Tried to read from closed channel
2025-06-09 02:11:12 WARN  Server - Tried to read from closed channel
2025-06-09 02:11:12 WARN  Server - Tried to read from closed channel
2025-06-09 02:11:12 WARN  Server - Tried to read from closed channel
2025-06-09 02:11:12 WARN  Server - Tried to read from closed channel
2025-06-09 02:11:12 WARN  Server - Tried to read from closed channel
2025-06-09 02:11:12 WARN  Server - Tried to read from closed channel
2025-06-09 02:11:12 WARN  Server - Tried to read from closed channel
2025-06-09 02:11:12 WARN  Server - Tried to read from closed channel
2025-06-09 02:11:12 WARN  Server - Tried to read from closed channel
2025-06-09 02:11:12 WARN  Server - Tried to read from closed channel
2025-06-09 02:11:12 WARN  Server - Tried to read from closed channel
2025-06-09 02:11:12 WARN  Server - Tried to read from closed channel
2025-06-09 02:11:12 WARN  Server - Tried to read from closed channel
2025-06-09 02:11:12 WARN  Server - Tried to read from closed channel
2025-06-09 02:11:12 WARN  Server - Tried to read from closed channel
2025-06-09 02:11:12 WARN  Server - Tried to read from closed channel
2025-06-09 02:11:12 WARN  Server - Tried to read from closed channel
2025-06-09 02:11:12 WARN  Server - Tried to read from closed channel
2025-06-09 02:11:12 WARN  Server - Tried to read from closed channel
2025-06-09 02:11:12 WARN  Server - Tried to read from closed channel
2025-06-09 02:11:12 WARN  Server - Tried to read from closed channel
2025-06-09 02:11:12 WARN  Server - Tried to read from closed channel
2025-06-09 02:11:12 WARN  Server - Tried to read from closed channel
2025-06-09 02:11:12 WARN  Server - Tried to read from closed channel
2025-06-09 02:11:12 WARN  Server - Tried to read from closed channel
2025-06-09 02:11:12 WARN  Server - Tried to read from closed channel
2025-06-09 02:11:12 WARN  Server - Tried to read from closed channel
2025-06-09 02:11:12 WARN  Server - Tried to read from closed channel
2025-06-09 02:11:12 WARN  Server - Tried to read from closed channel
2025-06-09 02:11:12 WARN  Server - Tried to read from closed channel
2025-06-09 02:11:12 WARN  Server - Tried to read from closed channel
2025-06-09 02:11:12 WARN  Server - Tried to read from closed channel
2025-06-09 02:11:12 WARN  Server - Tried to read from closed channel
2025-06-09 02:11:12 WARN  Server - Tried to read from closed channel
2025-06-09 02:11:12 WARN  Server - Tried to read from closed channel
2025-06-09 02:11:12 WARN  Server - Tried to read from closed channel
2025-06-09 02:11:12 WARN  Server - Tried to read from closed channel
2025-06-09 02:11:12 WARN  Server - Tried to read from closed channel
2025-06-09 02:11:12 WARN  Server - Tried to read from closed channel
2025-06-09 02:11:12 WARN  Server - Tried to read from closed channel
2025-06-09 02:11:12 WARN  Server - Tried to read from closed channel
2025-06-09 02:11:12 WARN  Server - Tried to read from closed channel
2025-06-09 02:11:12 WARN  Server - Tried to read from closed channel
2025-06-09 02:11:12 WARN  Server - Tried to read from closed channel
2025-06-09 02:11:12 WARN  Server - Tried to read from closed channel
2025-06-09 02:11:12 WARN  Server - Tried to read from closed channel
2025-06-09 02:11:12 WARN  Server - Tried to read from closed channel
2025-06-09 02:11:12 WARN  Server - Tried to read from closed channel
2025-06-09 02:11:12 WARN  Server - Tried to read from closed channel
2025-06-09 02:11:57 INFO  Server - Server is starting successfully
2025-06-09 02:11:58 INFO  Server - Acceptable key detected. Accepting connection...
2025-06-09 02:11:58 INFO  Server - Connected to: /127.0.0.1:55579
2025-06-09 02:12:34 INFO  Server - Client disconnected
2025-06-09 02:12:34 WARN  Server - Tried to read from closed channel
2025-06-09 02:12:34 WARN  Server - Tried to read from closed channel
2025-06-09 02:12:34 WARN  Server - Tried to read from closed channel
2025-06-09 02:12:34 WARN  Server - Tried to read from closed channel
2025-06-09 02:12:34 WARN  Server - Tried to read from closed channel
2025-06-09 02:12:34 WARN  Server - Tried to read from closed channel
2025-06-09 02:12:34 WARN  Server - Tried to read from closed channel
2025-06-09 02:12:34 WARN  Server - Tried to read from closed channel
2025-06-09 02:12:34 WARN  Server - Tried to read from closed channel
2025-06-09 02:12:34 WARN  Server - Tried to read from closed channel
2025-06-09 02:12:34 WARN  Server - Tried to read from closed channel
2025-06-09 02:12:34 WARN  Server - Tried to read from closed channel
2025-06-09 02:12:34 WARN  Server - Tried to read from closed channel
2025-06-09 02:12:34 WARN  Server - Tried to read from closed channel
2025-06-09 02:12:34 WARN  Server - Tried to read from closed channel
2025-06-09 02:12:34 WARN  Server - Tried to read from closed channel
2025-06-09 02:12:34 WARN  Server - Tried to read from closed channel
2025-06-09 02:12:34 WARN  Server - Tried to read from closed channel
2025-06-09 02:12:34 WARN  Server - Tried to read from closed channel
2025-06-09 02:12:34 WARN  Server - Tried to read from closed channel
2025-06-09 02:12:34 WARN  Server - Tried to read from closed channel
2025-06-09 02:12:34 WARN  Server - Tried to read from closed channel
2025-06-09 02:12:34 WARN  Server - Tried to read from closed channel
2025-06-09 02:12:34 WARN  Server - Tried to read from closed channel
2025-06-09 02:12:34 WARN  Server - Tried to read from closed channel
2025-06-09 02:12:34 WARN  Server - Tried to read from closed channel
2025-06-09 02:12:34 WARN  Server - Tried to read from closed channel
2025-06-09 02:12:34 WARN  Server - Tried to read from closed channel
2025-06-09 02:12:34 WARN  Server - Tried to read from closed channel
2025-06-09 02:12:34 WARN  Server - Tried to read from closed channel
2025-06-09 02:12:34 WARN  Server - Tried to read from closed channel
2025-06-09 02:12:34 WARN  Server - Tried to read from closed channel
2025-06-09 02:12:34 WARN  Server - Tried to read from closed channel
2025-06-09 02:12:34 WARN  Server - Tried to read from closed channel
2025-06-09 02:12:34 WARN  Server - Tried to read from closed channel
2025-06-09 02:12:34 WARN  Server - Tried to read from closed channel
2025-06-09 02:12:34 WARN  Server - Tried to read from closed channel
2025-06-09 02:12:34 WARN  Server - Tried to read from closed channel
2025-06-09 02:12:34 WARN  Server - Tried to read from closed channel
2025-06-09 02:12:34 WARN  Server - Tried to read from closed channel
2025-06-09 02:12:34 WARN  Server - Tried to read from closed channel
2025-06-09 02:12:34 WARN  Server - Tried to read from closed channel
2025-06-09 02:12:34 WARN  Server - Tried to read from closed channel
2025-06-09 02:12:34 WARN  Server - Tried to read from closed channel
2025-06-09 02:12:34 WARN  Server - Tried to read from closed channel
2025-06-09 02:12:34 WARN  Server - Tried to read from closed channel
2025-06-09 02:12:34 WARN  Server - Tried to read from closed channel
2025-06-09 02:12:34 WARN  Server - Tried to read from closed channel
2025-06-09 02:12:34 WARN  Server - Tried to read from closed channel
2025-06-09 02:12:34 WARN  Server - Tried to read from closed channel
2025-06-09 02:12:34 WARN  Server - Tried to read from closed channel
2025-06-09 02:12:34 WARN  Server - Tried to read from closed channel
2025-06-09 02:12:34 WARN  Server - Tried to read from closed channel
2025-06-09 02:12:34 WARN  Server - Tried to read from closed channel
2025-06-09 02:12:34 WARN  Server - Tried to read from closed channel
2025-06-09 02:12:34 WARN  Server - Tried to read from closed channel
2025-06-09 02:12:34 WARN  Server - Tried to read from closed channel
2025-06-09 02:12:34 WARN  Server - Tried to read from closed channel
2025-06-09 02:12:34 WARN  Server - Tried to read from closed channel
2025-06-09 02:12:34 WARN  Server - Tried to read from closed channel
2025-06-09 02:12:34 WARN  Server - Tried to read from closed channel
2025-06-09 02:12:34 WARN  Server - Tried to read from closed channel
2025-06-09 02:12:34 WARN  Server - Tried to read from closed channel
2025-06-09 02:12:34 WARN  Server - Tried to read from closed channel
2025-06-09 02:12:34 WARN  Server - Tried to read from closed channel
2025-06-09 02:12:34 WARN  Server - Tried to read from closed channel
2025-06-09 02:12:34 WARN  Server - Tried to read from closed channel
2025-06-09 02:12:34 WARN  Server - Tried to read from closed channel
2025-06-09 02:12:34 WARN  Server - Tried to read from closed channel
2025-06-09 02:12:34 WARN  Server - Tried to read from closed channel
2025-06-09 02:12:34 WARN  Server - Tried to read from closed channel
2025-06-09 02:12:34 WARN  Server - Tried to read from closed channel
2025-06-09 02:12:34 WARN  Server - Tried to read from closed channel
2025-06-09 02:12:34 WARN  Server - Tried to read from closed channel
2025-06-09 02:12:34 WARN  Server - Tried to read from closed channel
2025-06-09 02:12:34 WARN  Server - Tried to read from closed channel
2025-06-09 02:12:34 WARN  Server - Tried to read from closed channel
2025-06-09 02:12:34 WARN  Server - Tried to read from closed channel
2025-06-09 02:12:34 WARN  Server - Tried to read from closed channel
2025-06-09 02:12:34 WARN  Server - Tried to read from closed channel
2025-06-09 02:12:34 WARN  Server - Tried to read from closed channel
2025-06-09 02:12:34 WARN  Server - Tried to read from closed channel
2025-06-09 02:12:34 WARN  Server - Tried to read from closed channel
2025-06-09 02:12:34 WARN  Server - Tried to read from closed channel
2025-06-09 02:12:34 WARN  Server - Tried to read from closed channel
2025-06-09 02:12:34 WARN  Server - Tried to read from closed channel
2025-06-09 02:12:34 WARN  Server - Tried to read from closed channel
2025-06-09 02:12:34 WARN  Server - Tried to read from closed channel
2025-06-09 02:12:34 WARN  Server - Invalid key encountered: channel=java.nio.channels.SocketChannel[closed], selector=sun.nio.ch.WEPollSelectorImpl@5d908d47, invalid
2025-06-09 02:12:34 WARN  Server - Tried to read from closed channel
2025-06-09 02:12:34 WARN  Server - Tried to read from closed channel
2025-06-09 02:12:34 WARN  Server - Tried to read from closed channel
2025-06-09 02:12:34 WARN  Server - Tried to read from closed channel
2025-06-09 02:12:34 WARN  Server - Tried to read from closed channel
2025-06-09 02:12:34 WARN  Server - Tried to read from closed channel
2025-06-09 02:12:34 WARN  Server - Tried to read from closed channel
2025-06-09 02:12:34 WARN  Server - Tried to read from closed channel
2025-06-09 02:12:34 WARN  Server - Tried to read from closed channel
2025-06-09 02:12:34 WARN  Server - Tried to read from closed channel
2025-06-09 02:12:34 WARN  Server - Tried to read from closed channel
2025-06-09 02:12:34 WARN  Server - Tried to read from closed channel
2025-06-09 02:12:34 WARN  Server - Tried to read from closed channel
2025-06-09 02:12:34 WARN  Server - Tried to read from closed channel
2025-06-09 02:12:34 WARN  Server - Tried to read from closed channel
